platforms/android/app/build/outputs/logs/manifest-merger-debug-report.txt
-- Merging decision tree log ---
category#com.phonegap.pushApp2
INJECTED from android\app\AndroidManifest.xml:17:17-61
	android:name
		INJECTED from android\app\AndroidManifest.xml
		ADDED from android\app\AndroidManifest.xml:17:27-58
uses-permission#com.phonegap.pushApp2.permission.C2D_MESSAGE
INJECTED from android\app\AndroidManifest.xml:37:5-79
	android:name
		INJECTED from android\app\AndroidManifest.xml
		ADDED from android\app\AndroidManifest.xml:37:22-76
permission#com.phonegap.pushApp2.permission.C2D_MESSAGE
INJECTED from android\app\AndroidManifest.xml:38:5-110
	android:protectionLevel
		ADDED from android\app\AndroidManifest.xml:38:72-107
	android:name
		INJECTED from android\app\AndroidManifest.xml
		ADDED from android\app\AndroidManifest.xml:38:17-71
manifest
ADDED from android\app\AndroidManifest.xml:2:1-39:12
INJECTED from android\app\AndroidManifest.xml:2:1-39:12
INJECTED from android\app\AndroidManifest.xml:2:1-39:12
INJECTED from android\app\AndroidManifest.xml:2:1-39:12
MERGED from [com.android.support:support-v13:23.4.0] AndroidManifest.xml:17:1-24:12
MERGED from [com.google.android.gms:play-services-gcm:9.8.0] AndroidManifest.xml:16:1-24:12
MERGED from [me.leolin:ShortcutBadger:1.1.4] AndroidManifest.xml:2:1-35:12
MERGED from [:CordovaLib] AndroidManifest.xml:20:1-27:12
MERGED from [com.google.android.gms:play-services-iid:9.8.0] AndroidManifest.xml:16:1-24:12
MERGED from [com.google.android.gms:play-services-base:9.8.0] AndroidManifest.xml:16:1-21:12
MERGED from [com.google.android.gms:play-services-tasks:9.8.0] AndroidManifest.xml:2:1-5:12
MERGED from [com.google.android.gms:play-services-basement:9.8.0] AndroidManifest.xml:16:1-23:12
MERGED from [com.android.support:support-v4:24.0.0] AndroidManifest.xml:17:1-27:12
INJECTED from android\app\AndroidManifest.xml:2:1-39:12
INJECTED from android\app\AndroidManifest.xml:2:1-39:12
INJECTED from android\app\AndroidManifest.xml:2:1-39:12
	package
		ADDED from android\app\AndroidManifest.xml:2:102-133
		INJECTED from android\app\AndroidManifest.xml
		INJECTED from android\app\AndroidManifest.xml
	android:versionName
		ADDED from android\app\AndroidManifest.xml:2:74-101
		INJECTED from android\app\AndroidManifest.xml
		INJECTED from android\app\AndroidManifest.xml
	android:hardwareAccelerated
		ADDED from android\app\AndroidManifest.xml:2:11-45
	xmlns:android
		ADDED from android\app\AndroidManifest.xml:2:134-192
	android:versionCode
		ADDED from android\app\AndroidManifest.xml:2:46-73
		INJECTED from android\app\AndroidManifest.xml
		INJECTED from android\app\AndroidManifest.xml
supports-screens
ADDED from android\app\AndroidManifest.xml:3:5-191
	android:largeScreens
		ADDED from android\app\AndroidManifest.xml:3:49-76
	android:smallScreens
		ADDED from android\app\AndroidManifest.xml:3:132-159
	android:normalScreens
		ADDED from android\app\AndroidManifest.xml:3:77-105
	android:xlargeScreens
		ADDED from android\app\AndroidManifest.xml:3:160-188
	android:resizeable
		ADDED from android\app\AndroidManifest.xml:3:106-131
	android:anyDensity
		ADDED from android\app\AndroidManifest.xml:3:23-48
uses-permission#android.permission.INTERNET
ADDED from android\app\AndroidManifest.xml:4:5-67
MERGED from [com.google.android.gms:play-services-gcm:9.8.0] AndroidManifest.xml:21:5-66
MERGED from [com.google.android.gms:play-services-gcm:9.8.0] AndroidManifest.xml:21:5-66
MERGED from [com.google.android.gms:play-services-iid:9.8.0] AndroidManifest.xml:21:5-66
MERGED from [com.google.android.gms:play-services-iid:9.8.0] AndroidManifest.xml:21:5-66
	android:name
		ADDED from android\app\AndroidManifest.xml:4:22-64
application
ADDED from android\app\AndroidManifest.xml:5:5-31:19
MERGED from [com.android.support:support-v13:23.4.0] AndroidManifest.xml:22:5-20
MERGED from [com.android.support:support-v13:23.4.0] AndroidManifest.xml:22:5-20
MERGED from [com.google.android.gms:play-services-gcm:9.8.0] AndroidManifest.xml:23:5-19
MERGED from [com.google.android.gms:play-services-gcm:9.8.0] AndroidManifest.xml:23:5-19
MERGED from [com.google.android.gms:play-services-iid:9.8.0] AndroidManifest.xml:23:5-19
MERGED from [com.google.android.gms:play-services-iid:9.8.0] AndroidManifest.xml:23:5-19
MERGED from [com.google.android.gms:play-services-base:9.8.0] AndroidManifest.xml:18:5-20:19
MERGED from [com.google.android.gms:play-services-base:9.8.0] AndroidManifest.xml:18:5-20:19
MERGED from [com.google.android.gms:play-services-tasks:9.8.0] AndroidManifest.xml:4:5-19
MERGED from [com.google.android.gms:play-services-tasks:9.8.0] AndroidManifest.xml:4:5-19
MERGED from [com.google.android.gms:play-services-basement:9.8.0] AndroidManifest.xml:19:5-21:19
MERGED from [com.google.android.gms:play-services-basement:9.8.0] AndroidManifest.xml:19:5-21:19
MERGED from [com.android.support:support-v4:24.0.0] AndroidManifest.xml:25:5-20
MERGED from [com.android.support:support-v4:24.0.0] AndroidManifest.xml:25:5-20
	android:supportsRtl
		ADDED from android\app\AndroidManifest.xml:5:114-140
	android:label
		ADDED from android\app\AndroidManifest.xml:5:81-113
	android:hardwareAccelerated
		ADDED from android\app\AndroidManifest.xml:5:18-52
	android:icon
		ADDED from android\app\AndroidManifest.xml:5:53-80
activity#com.phonegap.pushApp2.MainActivity
ADDED from android\app\AndroidManifest.xml:6:9-11:20
	android:label
		ADDED from android\app\AndroidManifest.xml:6:97-134
	android:launchMode
		ADDED from android\app\AndroidManifest.xml:6:135-165
	android:windowSoftInputMode
		ADDED from android\app\AndroidManifest.xml:6:257-299
	android:configChanges
		ADDED from android\app\AndroidManifest.xml:6:19-96
	android:theme
		ADDED from android\app\AndroidManifest.xml:6:194-256
	android:name
		ADDED from android\app\AndroidManifest.xml:6:166-193
intent-filter#android.intent.action.MAIN+android.intent.category.LAUNCHER
ADDED from android\app\AndroidManifest.xml:7:13-10:29
	android:label
		ADDED from android\app\AndroidManifest.xml:7:28-65
action#android.intent.action.MAIN
ADDED from android\app\AndroidManifest.xml:8:17-69
	android:name
		ADDED from android\app\AndroidManifest.xml:8:25-66
category#android.intent.category.LAUNCHER
ADDED from android\app\AndroidManifest.xml:9:17-77
	android:name
		ADDED from android\app\AndroidManifest.xml:9:27-74
activity#com.adobe.phonegap.push.PushHandlerActivity
ADDED from android\app\AndroidManifest.xml:12:9-104
	android:exported
		ADDED from android\app\AndroidManifest.xml:12:19-42
	android:name
		ADDED from android\app\AndroidManifest.xml:12:43-101
receiver#com.adobe.phonegap.push.BackgroundActionButtonHandler
ADDED from android\app\AndroidManifest.xml:13:9-90
	android:name
		ADDED from android\app\AndroidManifest.xml:13:19-87
receiver#com.google.android.gms.gcm.GcmReceiver
ADDED from android\app\AndroidManifest.xml:14:9-19:20
	android:exported
		ADDED from android\app\AndroidManifest.xml:14:19-42
	android:permission
		ADDED from android\app\AndroidManifest.xml:14:97-157
	android:name
		ADDED from android\app\AndroidManifest.xml:14:43-96
intent-filter#com.google.android.c2dm.intent.RECEIVE+com.phonegap.pushApp2
ADDED from android\app\AndroidManifest.xml:15:13-18:29
action#com.google.android.c2dm.intent.RECEIVE
ADDED from android\app\AndroidManifest.xml:16:17-81
	android:name
		ADDED from android\app\AndroidManifest.xml:16:25-78
service#com.adobe.phonegap.push.GCMIntentService
ADDED from android\app\AndroidManifest.xml:20:9-24:19
	android:exported
		ADDED from android\app\AndroidManifest.xml:20:18-42
	android:name
		ADDED from android\app\AndroidManifest.xml:20:43-98
intent-filter#com.google.android.c2dm.intent.RECEIVE
ADDED from android\app\AndroidManifest.xml:21:13-23:29
service#com.adobe.phonegap.push.PushInstanceIDListenerService
ADDED from android\app\AndroidManifest.xml:25:9-29:19
	android:exported
		ADDED from android\app\AndroidManifest.xml:25:18-42
	android:name
		ADDED from android\app\AndroidManifest.xml:25:43-111
intent-filter#com.google.android.gms.iid.InstanceID
ADDED from android\app\AndroidManifest.xml:26:13-28:29
action#com.google.android.gms.iid.InstanceID
ADDED from android\app\AndroidManifest.xml:27:17-80
	android:name
		ADDED from android\app\AndroidManifest.xml:27:25-77
service#com.adobe.phonegap.push.RegistrationIntentService
ADDED from android\app\AndroidManifest.xml:30:9-110
	android:exported
		ADDED from android\app\AndroidManifest.xml:30:18-42
	android:name
		ADDED from android\app\AndroidManifest.xml:30:43-107
uses-sdk
ADDED from android\app\AndroidManifest.xml:32:5-74
MERGED from [com.android.support:support-v13:23.4.0] AndroidManifest.xml:20:5-44
MERGED from [com.android.support:support-v13:23.4.0] AndroidManifest.xml:20:5-44
MERGED from [com.google.android.gms:play-services-gcm:9.8.0] AndroidManifest.xml:17:5-42
MERGED from [com.google.android.gms:play-services-gcm:9.8.0] AndroidManifest.xml:17:5-42
MERGED from [me.leolin:ShortcutBadger:1.1.4] AndroidManifest.xml:7:5-9:41
MERGED from [me.leolin:ShortcutBadger:1.1.4] AndroidManifest.xml:7:5-9:41
MERGED from [:CordovaLib] AndroidManifest.xml:25:5-44
MERGED from [:CordovaLib] AndroidManifest.xml:25:5-44
MERGED from [com.google.android.gms:play-services-iid:9.8.0] AndroidManifest.xml:17:5-42
MERGED from [com.google.android.gms:play-services-iid:9.8.0] AndroidManifest.xml:17:5-42
MERGED from [com.google.android.gms:play-services-base:9.8.0] AndroidManifest.xml:17:5-42
MERGED from [com.google.android.gms:play-services-base:9.8.0] AndroidManifest.xml:17:5-42
MERGED from [com.google.android.gms:play-services-tasks:9.8.0] AndroidManifest.xml:3:5-42
MERGED from [com.google.android.gms:play-services-tasks:9.8.0] AndroidManifest.xml:3:5-42
MERGED from [com.google.android.gms:play-services-basement:9.8.0] AndroidManifest.xml:17:5-42
MERGED from [com.google.android.gms:play-services-basement:9.8.0] AndroidManifest.xml:17:5-42
MERGED from [com.android.support:support-v4:24.0.0] AndroidManifest.xml:21:5-23:54
MERGED from [com.android.support:support-v4:24.0.0] AndroidManifest.xml:21:5-23:54
	tools:overrideLibrary
		ADDED from [com.android.support:support-v4:24.0.0] AndroidManifest.xml:23:9-51
	android:targetSdkVersion
		ADDED from android\app\AndroidManifest.xml:32:42-71
	android:minSdkVersion
		ADDED from android\app\AndroidManifest.xml:32:15-41
uses-permission#android.permission.ACCESS_NETWORK_STATE
ADDED from android\app\AndroidManifest.xml:33:5-79
	android:name
		ADDED from android\app\AndroidManifest.xml:33:22-76
uses-permission#android.permission.WAKE_LOCK
ADDED from android\app\AndroidManifest.xml:34:5-68
	android:name
		ADDED from android\app\AndroidManifest.xml:34:22-65
uses-permission#android.permission.VIBRATE
ADDED from android\app\AndroidManifest.xml:35:5-66
	android:name
		ADDED from android\app\AndroidManifest.xml:35:22-63
uses-permission#com.google.android.c2dm.permission.RECEIVE
ADDED from android\app\AndroidManifest.xml:36:5-82
MERGED from [com.google.android.gms:play-services-gcm:9.8.0] AndroidManifest.xml:20:5-81
MERGED from [com.google.android.gms:play-services-gcm:9.8.0] AndroidManifest.xml:20:5-81
MERGED from [com.google.android.gms:play-services-iid:9.8.0] AndroidManifest.xml:20:5-81
MERGED from [com.google.android.gms:play-services-iid:9.8.0] AndroidManifest.xml:20:5-81
	android:name
		ADDED from android\app\AndroidManifest.xml:36:22-79
uses-permission#com.sec.android.provider.badge.permission.READ
ADDED from [me.leolin:ShortcutBadger:1.1.4] AndroidManifest.xml:19:5-86
	android:name
		ADDED from [me.leolin:ShortcutBadger:1.1.4] AndroidManifest.xml:19:22-83
uses-permission#com.sec.android.provider.badge.permission.WRITE
ADDED from [me.leolin:ShortcutBadger:1.1.4] AndroidManifest.xml:20:5-87
	android:name
		ADDED from [me.leolin:ShortcutBadger:1.1.4] AndroidManifest.xml:20:22-84
uses-permission#com.htc.launcher.permission.READ_SETTINGS
ADDED from [me.leolin:ShortcutBadger:1.1.4] AndroidManifest.xml:23:5-81
	android:name
		ADDED from [me.leolin:ShortcutBadger:1.1.4] AndroidManifest.xml:23:22-78
uses-permission#com.htc.launcher.permission.UPDATE_SHORTCUT
ADDED from [me.leolin:ShortcutBadger:1.1.4] AndroidManifest.xml:24:5-83
	android:name
		ADDED from [me.leolin:ShortcutBadger:1.1.4] AndroidManifest.xml:24:22-80
uses-permission#com.sonyericsson.home.permission.BROADCAST_BADGE
ADDED from [me.leolin:ShortcutBadger:1.1.4] AndroidManifest.xml:27:5-88
	android:name
		ADDED from [me.leolin:ShortcutBadger:1.1.4] AndroidManifest.xml:27:22-85
uses-permission#com.anddoes.launcher.permission.UPDATE_COUNT
ADDED from [me.leolin:ShortcutBadger:1.1.4] AndroidManifest.xml:30:5-84
	android:name
		ADDED from [me.leolin:ShortcutBadger:1.1.4] AndroidManifest.xml:30:22-81
uses-permission#com.majeur.launcher.permission.UPDATE_BADGE
ADDED from [me.leolin:ShortcutBadger:1.1.4] AndroidManifest.xml:33:5-83
	android:name
		ADDED from [me.leolin:ShortcutBadger:1.1.4] AndroidManifest.xml:33:22-80
activity#com.google.android.gms.common.api.GoogleApiActivity
ADDED from [com.google.android.gms:play-services-base:9.8.0] AndroidManifest.xml:19:9-172
	android:exported
		ADDED from [com.google.android.gms:play-services-base:9.8.0] AndroidManifest.xml:19:146-170
	android:theme
		ADDED from [com.google.android.gms:play-services-base:9.8.0] AndroidManifest.xml:19:86-145
	android:name
		ADDED from [com.google.android.gms:play-services-base:9.8.0] AndroidManifest.xml:19:19-85
meta-data#com.google.android.gms.version
ADDED from [com.google.android.gms:play-services-basement:9.8.0] AndroidManifest.xml:20:9-121
	android:value
		ADDED from [com.google.android.gms:play-services-basement:9.8.0] AndroidManifest.xml:20:66-119
	android:name
		ADDED from [com.google.android.gms:play-services-basement:9.8.0] AndroidManifest.xml:20:20-65